<?xml version="1.0" encoding="utf-8"?>
<test-run id="2" testcasecount="68" result="Passed" total="68" passed="68" failed="0" inconclusive="0" skipped="0" asserts="0" engine-version="3.5.0.0" clr-version="4.0.30319.42000" start-time="2026-07-09 11:07:07Z" end-time="2026-07-09 11:10:06Z" duration="178.2908005">
  <test-suite type="TestSuite" id="1000" name="Bad Movie Clues" fullname="Bad Movie Clues" runstate="Runnable" testcasecount="68" result="Passed" start-time="2026-07-09 11:07:07Z" end-time="2026-07-09 11:10:06Z" duration="178.290801" total="68" passed="68" failed="0" inconclusive="0" skipped="0" asserts="0">
    <properties>
      <property name="platform" value="EditMode" />
    </properties>
    <test-suite type="Assembly" id="1078" name="BadMovieClues.Tests.dll" fullname="C:/mattscripts/badmovieclues/Library/ScriptAssemblies/BadMovieClues.Tests.dll" runstate="Runnable" testcasecount="67" result="Passed" start-time="2026-07-09 11:07:07Z" end-time="2026-07-09 11:10:06Z" duration="178.255319" total="67" passed="67" failed="0" inconclusive="0" skipped="0" asserts="0">
      <properties>
        <property name="_PID" value="4960" />
        <property name="_APPDOMAIN" value="Unity Child Domain" />
        <property name="platform" value="EditMode" />
        <property name="EditorOnly" value="True" />
      </properties>
      <test-suite type="TestSuite" id="1079" name="BadMovieClues" fullname="BadMovieClues" runstate="Runnable" testcasecount="67" result="Passed" start-time="2026-07-09 11:07:07Z" end-time="2026-07-09 11:10:06Z" duration="178.254454" total="67" passed="67" failed="0" inconclusive="0" skipped="0" asserts="0">
        <properties />
        <test-suite type="TestSuite" id="1080" name="Tests" fullname="BadMovieClues.Tests" runstate="Runnable" testcasecount="67" result="Passed" start-time="2026-07-09 11:07:07Z" end-time="2026-07-09 11:10:06Z" duration="178.254055" total="67" passed="67" failed="0" inconclusive="0" skipped="0" asserts="0">
          <properties />
          <test-suite type="TestFixture" id="1001" name="CurrencyServiceTests" fullname="BadMovieClues.Tests.CurrencyServiceTests" classname="BadMovieClues.Tests.CurrencyServiceTests" runstate="Runnable" testcasecount="10" result="Passed" start-time="2026-07-09 11:07:07Z" end-time="2026-07-09 11:07:08Z" duration="0.116821" total="10" passed="10" failed="0" inconclusive="0" skipped="0" asserts="0">
            <properties />
            <test-case id="1003" name="Add_IncreasesBalance_AndFiresEvent" fullname="BadMovieClues.Tests.CurrencyServiceTests.Add_IncreasesBalance_AndFiresEvent" methodname="Add_IncreasesBalance_AndFiresEvent" classname="BadMovieClues.Tests.CurrencyServiceTests" runstate="Runnable" seed="1737690604" result="Passed" start-time="2026-07-09 11:07:08Z" end-time="2026-07-09 11:07:08Z" duration="0.049481" asserts="0">
              <properties>
                <property name="retryIteration" value="0" />
                <property name="repeatIteration" value="0" />
              </properties>
            </test-case>
            <test-case id="1004" name="Add_NegativeAmount_Throws" fullname="BadMovieClues.Tests.CurrencyServiceTests.Add_NegativeAmount_Throws" methodname="Add_NegativeAmount_Throws" classname="BadMovieClues.Tests.CurrencyServiceTests" runstate="Runnable" seed="1745595167" result="Passed" start-time="2026-07-09 11:07:08Z" end-time="2026-07-09 11:07:08Z" duration="0.007337" asserts="0">
              <properties>
                <property name="retryIteration" value="0" />
                <property name="repeatIteration" value="0" />
              </properties>
            </test-case>
            <test-case id="1011" name="Balance_PersistsAcrossInstances_ViaSharedSaveService" fullname="BadMovieClues.Tests.CurrencyServiceTests.Balance_PersistsAcrossInstances_ViaSharedSaveService" methodname="Balance_PersistsAcrossInstances_ViaSharedSaveService" classname="BadMovieClues.Tests.CurrencyServiceTests" runstate="Runnable" seed="892854972" result="Passed" start-time="2026-07-09 11:07:08Z" end-time="2026-07-09 11:07:08Z" duration="0.000671" asserts="0">
              <properties>
                <property name="retryIteration" value="0" />
                <property name="repeatIteration" value="0" />
              </properties>
            </test-case>
            <test-case id="1002" name="NewService_WithNoSavedData_UsesStartingBalance" fullname="BadMovieClues.Tests.CurrencyServiceTests.NewService_WithNoSavedData_UsesStartingBalance" methodname="NewService_WithNoSavedData_UsesStartingBalance" classname="BadMovieClues.Tests.CurrencyServiceTests" runstate="Runnable" seed="128711030" result="Passed" start-time="2026-07-09 11:07:08Z" end-time="2026-07-09 11:07:08Z" duration="0.000327" asserts="0">
              <properties>
                <property name="retryIteration" value="0" />
                <property name="repeatIteration" value="0" />
              </properties>
            </test-case>
            <test-case id="1010" name="Reset_Persists_AcrossInstances" fullname="BadMovieClues.Tests.CurrencyServiceTests.Reset_Persists_AcrossInstances" methodname="Reset_Persists_AcrossInstances" classname="BadMovieClues.Tests.CurrencyServiceTests" runstate="Runnable" seed="1939314342" result="Passed" start-time="2026-07-09 11:07:08Z" end-time="2026-07-09 11:07:08Z" duration="0.001882" asserts="0">
              <properties>
                <property name="retryIteration" value="0" />
                <property name="repeatIteration" value="0" />
              </properties>
            </test-case>
            <test-case id="1009" name="Reset_SetsBalance_AndFiresEvent" fullname="BadMovieClues.Tests.CurrencyServiceTests.Reset_SetsBalance_AndFiresEvent" methodname="Reset_SetsBalance_AndFiresEvent" classname="BadMovieClues.Tests.CurrencyServiceTests" runstate="Runnable" seed="1263288381" result="Passed" start-time="2026-07-09 11:07:08Z" end-time="2026-07-09 11:07:08Z" duration="0.000934" asserts="0">
              <properties>
                <property name="retryIteration" value="0" />
                <property name="repeatIteration" value="0" />
              </properties>
            </test-case>
            <test-case id="1007" name="TrySpend_ExactBalance_Succeeds_ResultingInZero" fullname="BadMovieClues.Tests.CurrencyServiceTests.TrySpend_ExactBalance_Succeeds_ResultingInZero" methodname="TrySpend_ExactBalance_Succeeds_ResultingInZero" classname="BadMovieClues.Tests.CurrencyServiceTests" runstate="Runnable" seed="1029087220" result="Passed" start-time="2026-07-09 11:07:08Z" end-time="2026-07-09 11:07:08Z" duration="0.001144" asserts="0">
              <properties>
                <property name="retryIteration" value="0" />
                <property name="repeatIteration" value="0" />
              </properties>
            </test-case>
            <test-case id="1006" name="TrySpend_InsufficientBalance_Fails_AndDoesNotChangeStateOrFireEvent" fullname="BadMovieClues.Tests.CurrencyServiceTests.TrySpend_InsufficientBalance_Fails_AndDoesNotChangeStateOrFireEvent" methodname="TrySpend_InsufficientBalance_Fails_AndDoesNotChangeStateOrFireEvent" classname="BadMovieClues.Tests.CurrencyServiceTests" runstate="Runnable" seed="1015363109" result="Passed" start-time="2026-07-09 11:07:08Z" end-time="2026-07-09 11:07:08Z" duration="0.000940" asserts="0">
              <properties>
                <property name="retryIteration" value="0" />
                <property name="repeatIteration" value="0" />
              </properties>
            </test-case>
            <test-case id="1008" name="TrySpend_NegativeAmount_Throws" fullname="BadMovieClues.Tests.CurrencyServiceTests.TrySpend_NegativeAmount_Throws" methodname="TrySpend_NegativeAmount_Throws" classname="BadMovieClues.Tests.CurrencyServiceTests" runstate="Runnable" seed="1850367692" result="Passed" start-time="2026-07-09 11:07:08Z" end-time="2026-07-09 11:07:08Z" duration="0.000711" asserts="0">
              <properties>
                <property name="retryIteration" value="0" />
                <property name="repeatIteration" value="0" />
              </properties>
            </test-case>
            <test-case id="1005" name="TrySpend_SufficientBalance_Succeeds_AndFiresEvent" fullname="BadMovieClues.Tests.CurrencyServiceTests.TrySpend_SufficientBalance_Succeeds_AndFiresEvent" methodname="TrySpend_SufficientBalance_Succeeds_AndFiresEvent" classname="BadMovieClues.Tests.CurrencyServiceTests" runstate="Runnable" seed="243081384" result="Passed" start-time="2026-07-09 11:07:08Z" end-time="2026-07-09 11:07:08Z" duration="0.000637" asserts="0">
              <properties>
                <property name="retryIteration" value="0" />
                <property name="repeatIteration" value="0" />
              </properties>
            </test-case>
          </test-suite>
          <test-suite type="TestFixture" id="1012" name="DailyPuzzleServiceTests" fullname="BadMovieClues.Tests.DailyPuzzleServiceTests" classname="BadMovieClues.Tests.DailyPuzzleServiceTests" runstate="Runnable" testcasecount="7" result="Passed" start-time="2026-07-09 11:07:08Z" end-time="2026-07-09 11:07:09Z" duration="1.172412" total="7" passed="7" failed="0" inconclusive="0" skipped="0" asserts="0">
            <properties />
            <test-case id="1019" name="Completion_PersistsAcrossInstances" fullname="BadMovieClues.Tests.DailyPuzzleServiceTests.Completion_PersistsAcrossInstances" methodname="Completion_PersistsAcrossInstances" classname="BadMovieClues.Tests.DailyPuzzleServiceTests" runstate="Runnable" seed="746517237" result="Passed" start-time="2026-07-09 11:07:08Z" end-time="2026-07-09 11:07:09Z" duration="1.116473" asserts="0">
              <properties>
                <property name="retryIteration" value="0" />
                <property name="repeatIteration" value="0" />
              </properties>
            </test-case>
            <test-case id="1015" name="IndexIsWithinBounds_SmallCatalog" fullname="BadMovieClues.Tests.DailyPuzzleServiceTests.IndexIsWithinBounds_SmallCatalog" methodname="IndexIsWithinBounds_SmallCatalog" classname="BadMovieClues.Tests.DailyPuzzleServiceTests" runstate="Runnable" seed="1061701840" result="Passed" start-time="2026-07-09 11:07:09Z" end-time="2026-07-09 11:07:09Z" duration="0.005976" asserts="0">
              <properties>
                <property name="retryIteration" value="0" />
                <property name="repeatIteration" value="0" />
              </properties>
            </test-case>
            <test-case id="1014" name="IndexIsWithinCatalogBounds" fullname="BadMovieClues.Tests.DailyPuzzleServiceTests.IndexIsWithinCatalogBounds" methodname="IndexIsWithinCatalogBounds" classname="BadMovieClues.Tests.DailyPuzzleServiceTests" runstate="Runnable" seed="5246521" result="Passed" start-time="2026-07-09 11:07:09Z" end-time="2026-07-09 11:07:09Z" duration="0.010957" asserts="0">
              <properties>
                <property name="retryIteration" value="0" />
                <property name="repeatIteration" value="0" />
              </properties>
            </test-case>
            <test-case id="1017" name="IsCompletedToday_FalseInitially" fullname="BadMovieClues.Tests.DailyPuzzleServiceTests.IsCompletedToday_FalseInitially" methodname="IsCompletedToday_FalseInitially" classname="BadMovieClues.Tests.DailyPuzzleServiceTests" runstate="Runnable" seed="1732721324" result="Passed" start-time="2026-07-09 11:07:09Z" end-time="2026-07-09 11:07:09Z" duration="0.004279" asserts="0">
              <properties>
                <property name="retryIteration" value="0" />
                <property name="repeatIteration" value="0" />
              </properties>
            </test-case>
            <test-case id="1018" name="IsCompletedToday_TrueAfterMarkCompleted" fullname="BadMovieClues.Tests.DailyPuzzleServiceTests.IsCompletedToday_TrueAfterMarkCompleted" methodname="IsCompletedToday_TrueAfterMarkCompleted" classname="BadMovieClues.Tests.DailyPuzzleServiceTests" runstate="Runnable" seed="614375848" result="Passed" start-time="2026-07-09 11:07:09Z" end-time="2026-07-09 11:07:09Z" duration="0.011767" asserts="0">
              <properties>
                <property name="retryIteration" value="0" />
                <property name="repeatIteration" value="0" />
              </properties>
            </test-case>
            <test-case id="1013" name="SameDateSeed_ProducesSameIndex" fullname="BadMovieClues.Tests.DailyPuzzleServiceTests.SameDateSeed_ProducesSameIndex" methodname="SameDateSeed_ProducesSameIndex" classname="BadMovieClues.Tests.DailyPuzzleServiceTests" runstate="Runnable" seed="1781341365" result="Passed" start-time="2026-07-09 11:07:09Z" end-time="2026-07-09 11:07:09Z" duration="0.004217" asserts="0">
              <properties>
                <property name="retryIteration" value="0" />
                <property name="repeatIteration" value="0" />
              </properties>
            </test-case>
            <test-case id="1016" name="ThrowsForZeroCatalogSize" fullname="BadMovieClues.Tests.DailyPuzzleServiceTests.ThrowsForZeroCatalogSize" methodname="ThrowsForZeroCatalogSize" classname="BadMovieClues.Tests.DailyPuzzleServiceTests" runstate="Runnable" seed="1182392571" result="Passed" start-time="2026-07-09 11:07:09Z" end-time="2026-07-09 11:07:09Z" duration="0.009213" asserts="0">
              <properties>
                <property name="retryIteration" value="0" />
                <property name="repeatIteration" value="0" />
              </properties>
            </test-case>
          </test-suite>
          <test-suite type="TestFixture" id="1020" name="HintServiceTests" fullname="BadMovieClues.Tests.HintServiceTests" classname="BadMovieClues.Tests.HintServiceTests" runstate="Runnable" testcasecount="7" result="Passed" start-time="2026-07-09 11:07:09Z" end-time="2026-07-09 11:07:09Z" duration="0.021286" total="7" passed="7" failed="0" inconclusive="0" skipped="0" asserts="0">
            <properties />
            <test-case id="1023" name="TryRevealCharacterClue_SpendsCorrectCost" fullname="BadMovieClues.Tests.HintServiceTests.TryRevealCharacterClue_SpendsCorrectCost" methodname="TryRevealCharacterClue_SpendsCorrectCost" classname="BadMovieClues.Tests.HintServiceTests" runstate="Runnable" seed="213417817" result="Passed" start-time="2026-07-09 11:07:09Z" end-time="2026-07-09 11:07:09Z" duration="0.002886" asserts="0">
              <properties>
                <property name="retryIteration" value="0" />
                <property name="repeatIteration" value="0" />
              </properties>
            </test-case>
            <test-case id="1026" name="TryRevealLetterHint_InsufficientFunds_Fails_NoChange" fullname="BadMovieClues.Tests.HintServiceTests.TryRevealLetterHint_InsufficientFunds_Fails_NoChange" methodname="TryRevealLetterHint_InsufficientFunds_Fails_NoChange" classname="BadMovieClues.Tests.HintServiceTests" runstate="Runnable" seed="1812624038" result="Passed" start-time="2026-07-09 11:07:09Z" end-time="2026-07-09 11:07:09Z" duration="0.008821" asserts="0">
              <properties>
                <property name="retryIteration" value="0" />
                <property name="repeatIteration" value="0" />
              </properties>
            </test-case>
            <test-case id="1025" name="TryRevealLetterHint_NoHiddenLettersLeft_FailsWithoutSpending" fullname="BadMovieClues.Tests.HintServiceTests.TryRevealLetterHint_NoHiddenLettersLeft_FailsWithoutSpending" methodname="TryRevealLetterHint_NoHiddenLettersLeft_FailsWithoutSpending" classname="BadMovieClues.Tests.HintServiceTests" runstate="Runnable" seed="1736821846" result="Passed" start-time="2026-07-09 11:07:09Z" end-time="2026-07-09 11:07:09Z" duration="0.002637" asserts="0">
              <properties>
                <property name="retryIteration" value="0" />
                <property name="repeatIteration" value="0" />
              </properties>
            </test-case>
            <test-case id="1027" name="TryRevealLetterHint_OnlyOneHiddenLetterLeft_RevealsExactlyThatOneAndWins" fullname="BadMovieClues.Tests.HintServiceTests.TryRevealLetterHint_OnlyOneHiddenLetterLeft_RevealsExactlyThatOneAndWins" methodname="TryRevealLetterHint_OnlyOneHiddenLetterLeft_RevealsExactlyThatOneAndWins" classname="BadMovieClues.Tests.HintServiceTests" runstate="Runnable" seed="1273164898" result="Passed" start-time="2026-07-09 11:07:09Z" end-time="2026-07-09 11:07:09Z" duration="0.001154" asserts="0">
              <properties>
                <property name="retryIteration" value="0" />
                <property name="repeatIteration" value="0" />
              </properties>
            </test-case>
            <test-case id="1024" name="TryRevealLetterHint_RevealsAHiddenLetter_AndSpendsCost" fullname="BadMovieClues.Tests.HintServiceTests.TryRevealLetterHint_RevealsAHiddenLetter_AndSpendsCost" methodname="TryRevealLetterHint_RevealsAHiddenLetter_AndSpendsCost" classname="BadMovieClues.Tests.HintServiceTests" runstate="Runnable" seed="392629628" result="Passed" start-time="2026-07-09 11:07:09Z" end-time="2026-07-09 11:07:09Z" duration="0.000805" asserts="0">
              <properties>
                <property name="retryIteration" value="0" />
                <property name="repeatIteration" value="0" />
              </properties>
            </test-case>
            <test-case id="1022" name="TryRevealPicture_InsufficientFunds_Fails_NoBalanceChange" fullname="BadMovieClues.Tests.HintServiceTests.TryRevealPicture_InsufficientFunds_Fails_NoBalanceChange" methodname="TryRevealPicture_InsufficientFunds_Fails_NoBalanceChange" classname="BadMovieClues.Tests.HintServiceTests" runstate="Runnable" seed="391423317" result="Passed" start-time="2026-07-09 11:07:09Z" end-time="2026-07-09 11:07:09Z" duration="0.000569" asserts="0">
              <properties>
                <property name="retryIteration" value="0" />
                <property name="repeatIteration" value="0" />
              </properties>
            </test-case>
            <test-case id="1021" name="TryRevealPicture_SufficientFunds_SpendsAndSucceeds" fullname="BadMovieClues.Tests.HintServiceTests.TryRevealPicture_SufficientFunds_SpendsAndSucceeds" methodname="TryRevealPicture_SufficientFunds_SpendsAndSucceeds" classname="BadMovieClues.Tests.HintServiceTests" runstate="Runnable" seed="1078507023" result="Passed" start-time="2026-07-09 11:07:09Z" end-time="2026-07-09 11:07:09Z" duration="0.000403" asserts="0">
              <properties>
                <property name="retryIteration" value="0" />
                <property name="repeatIteration" value="0" />
              </properties>
            </test-case>
          </test-suite>
          <test-suite type="TestFixture" id="1028" name="LevelCatalogTests" fullname="BadMovieClues.Tests.LevelCatalogTests" classname="BadMovieClues.Tests.LevelCatalogTests" runstate="Runnable" testcasecount="5" result="Passed" start-time="2026-07-09 11:07:09Z" end-time="2026-07-09 11:07:09Z" duration="0.130576" total="5" passed="5" failed="0" inconclusive="0" skipped="0" asserts="0">
            <properties />
            <test-case id="1033" name="BundledStarterCatalogHasThirtySixUniqueSeededMovies" fullname="BadMovieClues.Tests.LevelCatalogTests.BundledStarterCatalogHasThirtySixUniqueSeededMovies" methodname="BundledStarterCatalogHasThirtySixUniqueSeededMovies" classname="BadMovieClues.Tests.LevelCatalogTests" runstate="Runnable" seed="135788451" result="Passed" start-time="2026-07-09 11:07:09Z" end-time="2026-07-09 11:07:09Z" duration="0.111383" asserts="0">
              <properties>
                <property name="retryIteration" value="0" />
                <property name="repeatIteration" value="0" />
              </properties>
            </test-case>
            <test-case id="1032" name="CatalogFindByIdReturnsMatchOrNull" fullname="BadMovieClues.Tests.LevelCatalogTests.CatalogFindByIdReturnsMatchOrNull" methodname="CatalogFindByIdReturnsMatchOrNull" classname="BadMovieClues.Tests.LevelCatalogTests" runstate="Runnable" seed="264560467" result="Passed" start-time="2026-07-09 11:07:09Z" end-time="2026-07-09 11:07:09Z" duration="0.006444" asserts="0">
              <properties>
                <property name="retryIteration" value="0" />
                <property name="repeatIteration" value="0" />
              </properties>
            </test-case>
            <test-case id="1030" name="MissingOptionalFieldsFallBackToDefaults" fullname="BadMovieClues.Tests.LevelCatalogTests.MissingOptionalFieldsFallBackToDefaults" methodname="MissingOptionalFieldsFallBackToDefaults" classname="BadMovieClues.Tests.LevelCatalogTests" runstate="Runnable" seed="2054597439" result="Passed" start-time="2026-07-09 11:07:09Z" end-time="2026-07-09 11:07:09Z" duration="0.001083" asserts="0">
              <properties>
                <property name="retryIteration" value="0" />
                <property name="repeatIteration" value="0" />
              </properties>
            </test-case>
            <test-case id="1029" name="ParsesTopLevelJsonArray" fullname="BadMovieClues.Tests.LevelCatalogTests.ParsesTopLevelJsonArray" methodname="ParsesTopLevelJsonArray" classname="BadMovieClues.Tests.LevelCatalogTests" runstate="Runnable" seed="1253240022" result="Passed" start-time="2026-07-09 11:07:09Z" end-time="2026-07-09 11:07:09Z" duration="0.002120" asserts="0">
              <properties>
                <property name="retryIteration" value="0" />
                <property name="repeatIteration" value="0" />
              </properties>
            </test-case>
            <test-case id="1031" name="PresentOptionalFieldsAreParsed" fullname="BadMovieClues.Tests.LevelCatalogTests.PresentOptionalFieldsAreParsed" methodname="PresentOptionalFieldsAreParsed" classname="BadMovieClues.Tests.LevelCatalogTests" runstate="Runnable" seed="809011212" result="Passed" start-time="2026-07-09 11:07:09Z" end-time="2026-07-09 11:07:09Z" duration="0.002602" asserts="0">
              <properties>
                <property name="retryIteration" value="0" />
                <property name="repeatIteration" value="0" />
              </properties>
            </test-case>
          </test-suite>
          <test-suite type="TestFixture" id="1034" name="LocalJsonSaveServiceTests" fullname="BadMovieClues.Tests.LocalJsonSaveServiceTests" classname="BadMovieClues.Tests.LocalJsonSaveServiceTests" runstate="Runnable" testcasecount="3" result="Passed" start-time="2026-07-09 11:07:09Z" end-time="2026-07-09 11:07:09Z" duration="0.037572" total="3" passed="3" failed="0" inconclusive="0" skipped="0" asserts="0">
            <properties />
            <test-case id="1036" name="Load_MissingKey_ReturnsFalse" fullname="BadMovieClues.Tests.LocalJsonSaveServiceTests.Load_MissingKey_ReturnsFalse" methodname="Load_MissingKey_ReturnsFalse" classname="BadMovieClues.Tests.LocalJsonSaveServiceTests" runstate="Runnable" seed="1008224590" result="Passed" start-time="2026-07-09 11:07:09Z" end-time="2026-07-09 11:07:09Z" duration="0.004904" asserts="0">
              <properties>
                <property name="retryIteration" value="0" />
                <property name="repeatIteration" value="0" />
              </properties>
            </test-case>
            <test-case id="1037" name="Save_OverwritesPreviousValue" fullname="BadMovieClues.Tests.LocalJsonSaveServiceTests.Save_OverwritesPreviousValue" methodname="Save_OverwritesPreviousValue" classname="BadMovieClues.Tests.LocalJsonSaveServiceTests" runstate="Runnable" seed="261986119" result="Passed" start-time="2026-07-09 11:07:09Z" end-time="2026-07-09 11:07:09Z" duration="0.011788" asserts="0">
              <properties>
                <property name="retryIteration" value="0" />
                <property name="repeatIteration" value="0" />
              </properties>
            </test-case>
            <test-case id="1035" name="SaveThenLoad_RoundTripsValue" fullname="BadMovieClues.Tests.LocalJsonSaveServiceTests.SaveThenLoad_RoundTripsValue" methodname="SaveThenLoad_RoundTripsValue" classname="BadMovieClues.Tests.LocalJsonSaveServiceTests" runstate="Runnable" seed="1748256287" result="Passed" start-time="2026-07-09 11:07:09Z" end-time="2026-07-09 11:07:09Z" duration="0.010179" asserts="0">
              <properties>
                <property name="retryIteration" value="0" />
                <property name="repeatIteration" value="0" />
              </properties>
            </test-case>
          </test-suite>
          <test-suite type="TestFixture" id="1038" name="ProgressServiceTests" fullname="BadMovieClues.Tests.ProgressServiceTests" classname="BadMovieClues.Tests.ProgressServiceTests" runstate="Runnable" testcasecount="9" result="Passed" start-time="2026-07-09 11:07:09Z" end-time="2026-07-09 11:07:09Z" duration="0.016828" total="9" passed="9" failed="0" inconclusive="0" skipped="0" asserts="0">
            <properties />
            <test-case id="1043" name="MarkSolved_BetterReplay_RaisesStars_AndFiresEvent" fullname="BadMovieClues.Tests.ProgressServiceTests.MarkSolved_BetterReplay_RaisesStars_AndFiresEvent" methodname="MarkSolved_BetterReplay_RaisesStars_AndFiresEvent" classname="BadMovieClues.Tests.ProgressServiceTests" runstate="Runnable" seed="1414352004" result="Passed" start-time="2026-07-09 11:07:09Z" end-time="2026-07-09 11:07:09Z" duration="0.007231" asserts="0">
              <properties>
                <property name="retryIteration" value="0" />
                <property name="repeatIteration" value="0" />
              </properties>
            </test-case>
            <test-case id="1044" name="MarkSolved_OutOfOrderLevel_DoesNotLowerHighestUnlocked" fullname="BadMovieClues.Tests.ProgressServiceTests.MarkSolved_OutOfOrderLevel_DoesNotLowerHighestUnlocked" methodname="MarkSolved_OutOfOrderLevel_DoesNotLowerHighestUnlocked" classname="BadMovieClues.Tests.ProgressServiceTests" runstate="Runnable" seed="1273864409" result="Passed" start-time="2026-07-09 11:07:09Z" end-time="2026-07-09 11:07:09Z" duration="0.000594" asserts="0">
              <properties>
                <property name="retryIteration" value="0" />
                <property name="repeatIteration" value="0" />
              </properties>
            </test-case>
            <test-case id="1041" name="MarkSolved_SameLevelSameStarsTwice_DoesNotFireEventSecondTime" fullname="BadMovieClues.Tests.ProgressServiceTests.MarkSolved_SameLevelSameStarsTwice_DoesNotFireEventSecondTime" methodname="MarkSolved_SameLevelSameStarsTwice_DoesNotFireEventSecondTime" classname="BadMovieClues.Tests.ProgressServiceTests" runstate="Runnable" seed="566893523" result="Passed" start-time="2026-07-09 11:07:09Z" end-time="2026-07-09 11:07:09Z" duration="0.000428" asserts="0">
              <properties>
                <property name="retryIteration" value="0" />
                <property name="repeatIteration" value="0" />
              </properties>
            </test-case>
            <test-case id="1040" name="MarkSolved_UnlocksNextLevel_RecordsStars_AndFiresEvent" fullname="BadMovieClues.Tests.ProgressServiceTests.MarkSolved_UnlocksNextLevel_RecordsStars_AndFiresEvent" methodname="MarkSolved_UnlocksNextLevel_RecordsStars_AndFiresEvent" classname="BadMovieClues.Tests.ProgressServiceTests" runstate="Runnable" seed="1093306523" result="Passed" start-time="2026-07-09 11:07:09Z" end-time="2026-07-09 11:07:09Z" duration="0.000721" asserts="0">
              <properties>
                <property name="retryIteration" value="0" />
                <property name="repeatIteration" value="0" />
              </properties>
            </test-case>
            <test-case id="1042" name="MarkSolved_WorseReplay_DoesNotLowerStars" fullname="BadMovieClues.Tests.ProgressServiceTests.MarkSolved_WorseReplay_DoesNotLowerStars" methodname="MarkSolved_WorseReplay_DoesNotLowerStars" classname="BadMovieClues.Tests.ProgressServiceTests" runstate="Runnable" seed="1059992297" result="Passed" start-time="2026-07-09 11:07:09Z" end-time="2026-07-09 11:07:09Z" duration="0.000721" asserts="0">
              <properties>
                <property name="retryIteration" value="0" />
                <property name="repeatIteration" value="0" />
              </properties>
            </test-case>
            <test-case id="1039" name="NewService_WithNoSavedData_OnlyLevelZeroUnlocked" fullname="BadMovieClues.Tests.ProgressServiceTests.NewService_WithNoSavedData_OnlyLevelZeroUnlocked" methodname="NewService_WithNoSavedData_OnlyLevelZeroUnlocked" classname="BadMovieClues.Tests.ProgressServiceTests" runstate="Runnable" seed="179783296" result="Passed" start-time="2026-07-09 11:07:09Z" end-time="2026-07-09 11:07:09Z" duration="0.000791" asserts="0">
              <properties>
                <property name="retryIteration" value="0" />
                <property name="repeatIteration" value="0" />
              </properties>
            </test-case>
            <test-case id="1047" name="Progress_PersistsAcrossInstances_ViaSharedSaveService" fullname="BadMovieClues.Tests.ProgressServiceTests.Progress_PersistsAcrossInstances_ViaSharedSaveService" methodname="Progress_PersistsAcrossInstances_ViaSharedSaveService" classname="BadMovieClues.Tests.ProgressServiceTests" runstate="Runnable" seed="1717559944" result="Passed" start-time="2026-07-09 11:07:09Z" end-time="2026-07-09 11:07:09Z" duration="0.000929" asserts="0">
              <properties>
                <property name="retryIteration" value="0" />
                <property name="repeatIteration" value="0" />
              </properties>
            </test-case>
            <test-case id="1046" name="Reset_ClearsSolvedUnlockedAndStars_AndFiresEvent" fullname="BadMovieClues.Tests.ProgressServiceTests.Reset_ClearsSolvedUnlockedAndStars_AndFiresEvent" methodname="Reset_ClearsSolvedUnlockedAndStars_AndFiresEvent" classname="BadMovieClues.Tests.ProgressServiceTests" runstate="Runnable" seed="1047277546" result="Passed" start-time="2026-07-09 11:07:09Z" end-time="2026-07-09 11:07:09Z" duration="0.000915" asserts="0">
              <properties>
                <property name="retryIteration" value="0" />
                <property name="repeatIteration" value="0" />
              </properties>
            </test-case>
            <test-case id="1045" name="UnlockAllForTesting_UnlocksEveryIndex" fullname="BadMovieClues.Tests.ProgressServiceTests.UnlockAllForTesting_UnlocksEveryIndex" methodname="UnlockAllForTesting_UnlocksEveryIndex" classname="BadMovieClues.Tests.ProgressServiceTests" runstate="Runnable" seed="150411643" result="Passed" start-time="2026-07-09 11:07:09Z" end-time="2026-07-09 11:07:09Z" duration="0.000265" asserts="0">
              <properties>
                <property name="retryIteration" value="0" />
                <property name="repeatIteration" value="0" />
              </properties>
            </test-case>
          </test-suite>
          <test-suite type="TestFixture" id="1048" name="PuzzleStateTests" fullname="BadMovieClues.Tests.PuzzleStateTests" classname="BadMovieClues.Tests.PuzzleStateTests" runstate="Runnable" testcasecount="13" result="Passed" start-time="2026-07-09 11:07:09Z" end-time="2026-07-09 11:07:09Z" duration="0.023162" total="13" passed="13" failed="0" inconclusive="0" skipped="0" asserts="0">
            <properties />
            <test-case id="1061" name="Constructor_RejectsNonPositiveMaxWrongGuesses" fullname="BadMovieClues.Tests.PuzzleStateTests.Constructor_RejectsNonPositiveMaxWrongGuesses" methodname="Constructor_RejectsNonPositiveMaxWrongGuesses" classname="BadMovieClues.Tests.PuzzleStateTests" runstate="Runnable" seed="335166100" result="Passed" start-time="2026-07-09 11:07:09Z" end-time="2026-07-09 11:07:09Z" duration="0.004167" asserts="0">
              <properties>
                <property name="retryIteration" value="0" />
                <property name="repeatIteration" value="0" />
              </properties>
            </test-case>
            <test-case id="1060" name="Constructor_RejectsNullOrEmptyTitle" fullname="BadMovieClues.Tests.PuzzleStateTests.Constructor_RejectsNullOrEmptyTitle" methodname="Constructor_RejectsNullOrEmptyTitle" classname="BadMovieClues.Tests.PuzzleStateTests" runstate="Runnable" seed="1369617842" result="Passed" start-time="2026-07-09 11:07:09Z" end-time="2026-07-09 11:07:09Z" duration="0.002376" asserts="0">
              <properties>
                <property name="retryIteration" value="0" />
                <property name="repeatIteration" value="0" />
              </properties>
            </test-case>
            <test-case id="1050" name="CorrectGuess_RevealsAllOccurrencesOfLetter" fullname="BadMovieClues.Tests.PuzzleStateTests.CorrectGuess_RevealsAllOccurrencesOfLetter" methodname="CorrectGuess_RevealsAllOccurrencesOfLetter" classname="BadMovieClues.Tests.PuzzleStateTests" runstate="Runnable" seed="103089875" result="Passed" start-time="2026-07-09 11:07:09Z" end-time="2026-07-09 11:07:09Z" duration="0.003065" asserts="0">
              <properties>
                <property name="retryIteration" value="0" />
                <property name="repeatIteration" value="0" />
              </properties>
            </test-case>
            <test-case id="1053" name="Guessing_IsCaseInsensitive" fullname="BadMovieClues.Tests.PuzzleStateTests.Guessing_IsCaseInsensitive" methodname="Guessing_IsCaseInsensitive" classname="BadMovieClues.Tests.PuzzleStateTests" runstate="Runnable" seed="1947519550" result="Passed" start-time="2026-07-09 11:07:09Z" end-time="2026-07-09 11:07:09Z" duration="0.000568" asserts="0">
              <properties>
                <property name="retryIteration" value="0" />
                <property name="repeatIteration" value="0" />
              </properties>
            </test-case>
            <test-case id="1054" name="Guessing_NonLetterCharacter_Throws" fullname="BadMovieClues.Tests.PuzzleStateTests.Guessing_NonLetterCharacter_Throws" methodname="Guessing_NonLetterCharacter_Throws" classname="BadMovieClues.Tests.PuzzleStateTests" runstate="Runnable" seed="1333005068" result="Passed" start-time="2026-07-09 11:07:09Z" end-time="2026-07-09 11:07:09Z" duration="0.000853" asserts="0">
              <properties>
                <property name="retryIteration" value="0" />
                <property name="repeatIteration" value="0" />
              </properties>
            </test-case>
            <test-case id="1059" name="GuessingAfterGameOver_ReturnsGameAlreadyOver_AndDoesNotChangeState" fullname="BadMovieClues.Tests.PuzzleStateTests.GuessingAfterGameOver_ReturnsGameAlreadyOver_AndDoesNotChangeState" methodname="GuessingAfterGameOver_ReturnsGameAlreadyOver_AndDoesNotChangeState" classname="BadMovieClues.Tests.PuzzleStateTests" runstate="Runnable" seed="885931591" result="Passed" start-time="2026-07-09 11:07:09Z" end-time="2026-07-09 11:07:09Z" duration="0.000452" asserts="0">
              <properties>
                <property name="retryIteration" value="0" />
                <property name="repeatIteration" value="0" />
              </properties>
            </test-case>
            <test-case id="1051" name="IncorrectGuess_IncrementsWrongCount" fullname="BadMovieClues.Tests.PuzzleStateTests.IncorrectGuess_IncrementsWrongCount" methodname="IncorrectGuess_IncrementsWrongCount" classname="BadMovieClues.Tests.PuzzleStateTests" runstate="Runnable" seed="1482444649" result="Passed" start-time="2026-07-09 11:07:09Z" end-time="2026-07-09 11:07:09Z" duration="0.000319" asserts="0">
              <properties>
                <property name="retryIteration" value="0" />
                <property name="repeatIteration" value="0" />
              </properties>
            </test-case>
            <test-case id="1049" name="InitialDisplay_MasksLettersButRevealsSpacesAndPunctuation" fullname="BadMovieClues.Tests.PuzzleStateTests.InitialDisplay_MasksLettersButRevealsSpacesAndPunctuation" methodname="InitialDisplay_MasksLettersButRevealsSpacesAndPunctuation" classname="BadMovieClues.Tests.PuzzleStateTests" runstate="Runnable" seed="2145271866" result="Passed" start-time="2026-07-09 11:07:09Z" end-time="2026-07-09 11:07:09Z" duration="0.000268" asserts="0">
              <properties>
                <property name="retryIteration" value="0" />
                <property name="repeatIteration" value="0" />
              </properties>
            </test-case>
            <test-case id="1058" name="LostEvent_FiresExactlyOnceWhenWrongGuessesReachMax" fullname="BadMovieClues.Tests.PuzzleStateTests.LostEvent_FiresExactlyOnceWhenWrongGuessesReachMax" methodname="LostEvent_FiresExactlyOnceWhenWrongGuessesReachMax" classname="BadMovieClues.Tests.PuzzleStateTests" runstate="Runnable" seed="360765031" result="Passed" start-time="2026-07-09 11:07:09Z" end-time="2026-07-09 11:07:09Z" duration="0.000701" asserts="0">
              <properties>
                <property name="retryIteration" value="0" />
                <property name="repeatIteration" value="0" />
              </properties>
            </test-case>
            <test-case id="1052" name="RepeatedGuess_ReturnsAlreadyGuessed_AndDoesNotChangeState" fullname="BadMovieClues.Tests.PuzzleStateTests.RepeatedGuess_ReturnsAlreadyGuessed_AndDoesNotChangeState" methodname="RepeatedGuess_ReturnsAlreadyGuessed_AndDoesNotChangeState" classname="BadMovieClues.Tests.PuzzleStateTests" runstate="Runnable" seed="1832155807" result="Passed" start-time="2026-07-09 11:07:09Z" end-time="2026-07-09 11:07:09Z" duration="0.000412" asserts="0">
              <properties>
                <property name="retryIteration" value="0" />
                <property name="repeatIteration" value="0" />
              </properties>
            </test-case>
            <test-case id="1056" name="SequelTitleWithDigit_DigitAutoRevealed_OnlyLettersNeedGuessing" fullname="BadMovieClues.Tests.PuzzleStateTests.SequelTitleWithDigit_DigitAutoRevealed_OnlyLettersNeedGuessing" methodname="SequelTitleWithDigit_DigitAutoRevealed_OnlyLettersNeedGuessing" classname="BadMovieClues.Tests.PuzzleStateTests" runstate="Runnable" seed="1479375808" result="Passed" start-time="2026-07-09 11:07:09Z" end-time="2026-07-09 11:07:09Z" duration="0.000914" asserts="0">
              <properties>
                <property name="retryIteration" value="0" />
                <property name="repeatIteration" value="0" />
              </properties>
            </test-case>
            <test-case id="1055" name="TitleWithNoLetters_IsWonImmediately" fullname="BadMovieClues.Tests.PuzzleStateTests.TitleWithNoLetters_IsWonImmediately" methodname="TitleWithNoLetters_IsWonImmediately" classname="BadMovieClues.Tests.PuzzleStateTests" runstate="Runnable" seed="2078178147" result="Passed" start-time="2026-07-09 11:07:09Z" end-time="2026-07-09 11:07:09Z" duration="0.000528" asserts="0">
              <properties>
                <property name="retryIteration" value="0" />
                <property name="repeatIteration" value="0" />
              </properties>
            </test-case>
            <test-case id="1057" name="WonEvent_FiresExactlyOnceWhenLastLetterGuessed" fullname="BadMovieClues.Tests.PuzzleStateTests.WonEvent_FiresExactlyOnceWhenLastLetterGuessed" methodname="WonEvent_FiresExactlyOnceWhenLastLetterGuessed" classname="BadMovieClues.Tests.PuzzleStateTests" runstate="Runnable" seed="378640213" result="Passed" start-time="2026-07-09 11:07:09Z" end-time="2026-07-09 11:07:09Z" duration="0.003560" asserts="0">
              <properties>
                <property name="retryIteration" value="0" />
                <property name="repeatIteration" value="0" />
              </properties>
            </test-case>
          </test-suite>
          <test-suite type="TestFixture" id="1062" name="RetentionServiceTests" fullname="BadMovieClues.Tests.RetentionServiceTests" classname="BadMovieClues.Tests.RetentionServiceTests" runstate="Runnable" testcasecount="3" result="Passed" start-time="2026-07-09 11:07:09Z" end-time="2026-07-09 11:07:09Z" duration="0.074515" total="3" passed="3" failed="0" inconclusive="0" skipped="0" asserts="0">
            <properties />
            <test-case id="1063" name="FirstLogin_SetsDay1_ReturnsFirstReward" fullname="BadMovieClues.Tests.RetentionServiceTests.FirstLogin_SetsDay1_ReturnsFirstReward" methodname="FirstLogin_SetsDay1_ReturnsFirstReward" classname="BadMovieClues.Tests.RetentionServiceTests" runstate="Runnable" seed="824592637" result="Passed" start-time="2026-07-09 11:07:09Z" end-time="2026-07-09 11:07:09Z" duration="0.016982" asserts="0">
              <properties>
                <property name="retryIteration" value="0" />
                <property name="repeatIteration" value="0" />
              </properties>
            </test-case>
            <test-case id="1065" name="Reset_ClearsState" fullname="BadMovieClues.Tests.RetentionServiceTests.Reset_ClearsState" methodname="Reset_ClearsState" classname="BadMovieClues.Tests.RetentionServiceTests" runstate="Runnable" seed="2056540674" result="Passed" start-time="2026-07-09 11:07:09Z" end-time="2026-07-09 11:07:09Z" duration="0.038938" asserts="0">
              <properties>
                <property name="retryIteration" value="0" />
                <property name="repeatIteration" value="0" />
              </properties>
            </test-case>
            <test-case id="1064" name="SameDayLogin_ReturnsZero_DoesNotAdvanceStreak" fullname="BadMovieClues.Tests.RetentionServiceTests.SameDayLogin_ReturnsZero_DoesNotAdvanceStreak" methodname="SameDayLogin_ReturnsZero_DoesNotAdvanceStreak" classname="BadMovieClues.Tests.RetentionServiceTests" runstate="Runnable" seed="792378903" result="Passed" start-time="2026-07-09 11:07:09Z" end-time="2026-07-09 11:07:09Z" duration="0.015011" asserts="0">
              <properties>
                <property name="retryIteration" value="0" />
                <property name="repeatIteration" value="0" />
              </properties>
            </test-case>
          </test-suite>
          <test-suite type="TestFixture" id="1066" name="SettingsServiceTests" fullname="BadMovieClues.Tests.SettingsServiceTests" classname="BadMovieClues.Tests.SettingsServiceTests" runstate="Runnable" testcasecount="6" result="Passed" start-time="2026-07-09 11:07:09Z" end-time="2026-07-09 11:07:09Z" duration="0.012629" total="6" passed="6" failed="0" inconclusive="0" skipped="0" asserts="0">
            <properties />
            <test-case id="1067" name="NewService_WithNoSavedData_DefaultsToAudioOnReducedEffectsOffHapticsOn" fullname="BadMovieClues.Tests.SettingsServiceTests.NewService_WithNoSavedData_DefaultsToAudioOnReducedEffectsOffHapticsOn" methodname="NewService_WithNoSavedData_DefaultsToAudioOnReducedEffectsOffHapticsOn" classname="BadMovieClues.Tests.SettingsServiceTests" runstate="Runnable" seed="507089190" result="Passed" start-time="2026-07-09 11:07:09Z" end-time="2026-07-09 11:07:09Z" duration="0.000951" asserts="0">
              <properties>
                <property name="retryIteration" value="0" />
                <property name="repeatIteration" value="0" />
              </properties>
            </test-case>
            <test-case id="1069" name="SetAudioEnabled_ChangesValue_AndFiresEvent" fullname="BadMovieClues.Tests.SettingsServiceTests.SetAudioEnabled_ChangesValue_AndFiresEvent" methodname="SetAudioEnabled_ChangesValue_AndFiresEvent" classname="BadMovieClues.Tests.SettingsServiceTests" runstate="Runnable" seed="1665911276" result="Passed" start-time="2026-07-09 11:07:09Z" end-time="2026-07-09 11:07:09Z" duration="0.001074" asserts="0">
              <properties>
                <property name="retryIteration" value="0" />
                <property name="repeatIteration" value="0" />
              </properties>
            </test-case>
            <test-case id="1070" name="SetHapticsEnabled_ChangesValue_AndFiresEvent" fullname="BadMovieClues.Tests.SettingsServiceTests.SetHapticsEnabled_ChangesValue_AndFiresEvent" methodname="SetHapticsEnabled_ChangesValue_AndFiresEvent" classname="BadMovieClues.Tests.SettingsServiceTests" runstate="Runnable" seed="1888687285" result="Passed" start-time="2026-07-09 11:07:09Z" end-time="2026-07-09 11:07:09Z" duration="0.001417" asserts="0">
              <properties>
                <property name="retryIteration" value="0" />
                <property name="repeatIteration" value="0" />
              </properties>
            </test-case>
            <test-case id="1068" name="SetReducedEffects_ChangesValue_AndFiresEvent" fullname="BadMovieClues.Tests.SettingsServiceTests.SetReducedEffects_ChangesValue_AndFiresEvent" methodname="SetReducedEffects_ChangesValue_AndFiresEvent" classname="BadMovieClues.Tests.SettingsServiceTests" runstate="Runnable" seed="706391066" result="Passed" start-time="2026-07-09 11:07:09Z" end-time="2026-07-09 11:07:09Z" duration="0.001379" asserts="0">
              <properties>
                <property name="retryIteration" value="0" />
                <property name="repeatIteration" value="0" />
              </properties>
            </test-case>
            <test-case id="1072" name="Settings_PersistAcrossInstances_ViaSharedSaveService" fullname="BadMovieClues.Tests.SettingsServiceTests.Settings_PersistAcrossInstances_ViaSharedSaveService" methodname="Settings_PersistAcrossInstances_ViaSharedSaveService" classname="BadMovieClues.Tests.SettingsServiceTests" runstate="Runnable" seed="999193398" result="Passed" start-time="2026-07-09 11:07:09Z" end-time="2026-07-09 11:07:09Z" duration="0.000781" asserts="0">
              <properties>
                <property name="retryIteration" value="0" />
                <property name="repeatIteration" value="0" />
              </properties>
            </test-case>
            <test-case id="1071" name="SettingSameValue_DoesNotFireEvent" fullname="BadMovieClues.Tests.SettingsServiceTests.SettingSameValue_DoesNotFireEvent" methodname="SettingSameValue_DoesNotFireEvent" classname="BadMovieClues.Tests.SettingsServiceTests" runstate="Runnable" seed="1127384117" result="Passed" start-time="2026-07-09 11:07:09Z" end-time="2026-07-09 11:07:09Z" duration="0.000599" asserts="0">
              <properties>
                <property name="retryIteration" value="0" />
                <property name="repeatIteration" value="0" />
              </properties>
            </test-case>
          </test-suite>
          <test-suite type="TestFixture" id="1073" name="StubPurchaseServiceTests" fullname="BadMovieClues.Tests.StubPurchaseServiceTests" classname="BadMovieClues.Tests.StubPurchaseServiceTests" runstate="Runnable" testcasecount="4" result="Passed" start-time="2026-07-09 11:07:09Z" end-time="2026-07-09 11:10:06Z" duration="176.643364" total="4" passed="4" failed="0" inconclusive="0" skipped="0" asserts="0">
            <properties />
            <test-case id="1076" name="Packs_ContainsThreeConfiguredPacks" fullname="BadMovieClues.Tests.StubPurchaseServiceTests.Packs_ContainsThreeConfiguredPacks" methodname="Packs_ContainsThreeConfiguredPacks" classname="BadMovieClues.Tests.StubPurchaseServiceTests" runstate="Runnable" seed="379100012" result="Passed" start-time="2026-07-09 11:07:09Z" end-time="2026-07-09 11:07:09Z" duration="0.002889" asserts="0">
              <properties>
                <property name="retryIteration" value="0" />
                <property name="repeatIteration" value="0" />
              </properties>
            </test-case>
            <test-case id="1075" name="PurchaseAsync_UnknownPackId_ReturnsFalse_AndDoesNotChangeBalance" fullname="BadMovieClues.Tests.StubPurchaseServiceTests.PurchaseAsync_UnknownPackId_ReturnsFalse_AndDoesNotChangeBalance" methodname="PurchaseAsync_UnknownPackId_ReturnsFalse_AndDoesNotChangeBalance" classname="BadMovieClues.Tests.StubPurchaseServiceTests" runstate="Runnable" seed="549040198" result="Passed" start-time="2026-07-09 11:07:09Z" end-time="2026-07-09 11:08:06Z" duration="57.176902" asserts="0">
              <properties>
                <property name="_JOINTYPE" value="UnityCombinatorial" />
                <property name="retryIteration" value="0" />
                <property name="repeatIteration" value="0" />
              </properties>
            </test-case>
            <test-case id="1074" name="PurchaseAsync_ValidPack_AddsExactCoins_AndReturnsTrue" fullname="BadMovieClues.Tests.StubPurchaseServiceTests.PurchaseAsync_ValidPack_AddsExactCoins_AndReturnsTrue" methodname="PurchaseAsync_ValidPack_AddsExactCoins_AndReturnsTrue" classname="BadMovieClues.Tests.StubPurchaseServiceTests" runstate="Runnable" seed="400713516" result="Passed" start-time="2026-07-09 11:08:06Z" end-time="2026-07-09 11:09:06Z" duration="59.386803" asserts="0">
              <properties>
                <property name="_JOINTYPE" value="UnityCombinatorial" />
                <property name="retryIteration" value="0" />
                <property name="repeatIteration" value="0" />
              </properties>
            </test-case>
            <test-case id="1077" name="RestorePurchasesAsync_ReturnsTrue" fullname="BadMovieClues.Tests.StubPurchaseServiceTests.RestorePurchasesAsync_ReturnsTrue" methodname="RestorePurchasesAsync_ReturnsTrue" classname="BadMovieClues.Tests.StubPurchaseServiceTests" runstate="Runnable" seed="1249812731" result="Passed" start-time="2026-07-09 11:09:06Z" end-time="2026-07-09 11:10:06Z" duration="60.072020" asserts="0">
              <properties>
                <property name="_JOINTYPE" value="UnityCombinatorial" />
                <property name="retryIteration" value="0" />
                <property name="repeatIteration" value="0" />
              </properties>
            </test-case>
          </test-suite>
        </test-suite>
      </test-suite>
    </test-suite>
    <test-suite type="Assembly" id="1083" name="Unity.Addressables.DocExampleCode.Editor.Tests.dll" fullname="C:/mattscripts/badmovieclues/Library/ScriptAssemblies/Unity.Addressables.DocExampleCode.Editor.Tests.dll" runstate="Runnable" testcasecount="1" result="Passed" start-time="2026-07-09 11:10:06Z" end-time="2026-07-09 11:10:06Z" duration="0.002510" total="1" passed="1" failed="0" inconclusive="0" skipped="0" asserts="0">
      <properties>
        <property name="_PID" value="4960" />
        <property name="_APPDOMAIN" value="Unity Child Domain" />
        <property name="platform" value="EditMode" />
        <property name="EditorOnly" value="True" />
      </properties>
      <test-suite type="TestSuite" id="1084" name="AddressableAssets" fullname="AddressableAssets" runstate="Runnable" testcasecount="1" result="Passed" start-time="2026-07-09 11:10:06Z" end-time="2026-07-09 11:10:06Z" duration="0.002259" total="1" passed="1" failed="0" inconclusive="0" skipped="0" asserts="0">
        <properties />
        <test-suite type="TestSuite" id="1085" name="DocExampleCode" fullname="AddressableAssets.DocExampleCode" runstate="Runnable" testcasecount="1" result="Passed" start-time="2026-07-09 11:10:06Z" end-time="2026-07-09 11:10:06Z" duration="0.002026" total="1" passed="1" failed="0" inconclusive="0" skipped="0" asserts="0">
          <properties />
          <test-suite type="TestFixture" id="1081" name="TestStub" fullname="AddressableAssets.DocExampleCode.TestStub" classname="AddressableAssets.DocExampleCode.TestStub" runstate="Runnable" testcasecount="1" result="Passed" start-time="2026-07-09 11:10:06Z" end-time="2026-07-09 11:10:06Z" duration="0.001757" total="1" passed="1" failed="0" inconclusive="0" skipped="0" asserts="0">
            <properties />
            <test-case id="1082" name="RequiredTest" fullname="AddressableAssets.DocExampleCode.TestStub.RequiredTest" methodname="RequiredTest" classname="AddressableAssets.DocExampleCode.TestStub" runstate="Runnable" seed="352837359" result="Passed" start-time="2026-07-09 11:10:06Z" end-time="2026-07-09 11:10:06Z" duration="0.000354" asserts="0">
              <properties>
                <property name="retryIteration" value="0" />
                <property name="repeatIteration" value="0" />
              </properties>
              <output><![CDATA[Saving results to: C:\mattscripts\badmovieclues\TestResults-639191958062476274.xml
]]></output>
            </test-case>
          </test-suite>
        </test-suite>
      </test-suite>
    </test-suite>
  </test-suite>
</test-run>